F:\RADAR_WSP\DEBUG\POLORPIE.DLL
F:\radar_wsp\Debug\PolorPie.exp
F:\RADAR_WSP\DEBUG\POLORPIE.ILK
F:\radar_wsp\Debug\PolorPie.lib
F:\RADAR_WSP\DEBUG\POLORPIE.PDB
F:\radar_wsp\PolorPie\Debug\cl.command.1.tlog
F:\radar_wsp\PolorPie\Debug\CL.read.1.tlog
F:\radar_wsp\PolorPie\Debug\CL.write.1.tlog
F:\RADAR_WSP\POLORPIE\DEBUG\COLORLEVEL.OBJ
F:\RADAR_WSP\POLORPIE\DEBUG\DLLMAIN.OBJ
F:\RADAR_WSP\POLORPIE\DEBUG\LEVELBAR.OBJ
F:\radar_wsp\PolorPie\Debug\link.7996.read.1.tlog
F:\radar_wsp\PolorPie\Debug\link.7996.write.1.tlog
F:\radar_wsp\PolorPie\Debug\link.7996-cvtres.read.1.tlog
F:\radar_wsp\PolorPie\Debug\link.7996-cvtres.write.1.tlog
F:\radar_wsp\PolorPie\Debug\link.command.1.tlog
F:\radar_wsp\PolorPie\Debug\link.read.1.tlog
F:\radar_wsp\PolorPie\Debug\link.write.1.tlog
F:\radar_wsp\PolorPie\Debug\link-cvtres.read.1.tlog
F:\radar_wsp\PolorPie\Debug\link-cvtres.write.1.tlog
F:\radar_wsp\PolorPie\Debug\mt.command.1.tlog
F:\radar_wsp\PolorPie\Debug\mt.read.1.tlog
F:\radar_wsp\PolorPie\Debug\mt.write.1.tlog
F:\RADAR_WSP\POLORPIE\DEBUG\PIEPLOT.OBJ
F:\RADAR_WSP\POLORPIE\DEBUG\POLORPIE.DLL.EMBED.MANIFEST
F:\RADAR_WSP\POLORPIE\DEBUG\POLORPIE.DLL.EMBED.MANIFEST.RES
F:\RADAR_WSP\POLORPIE\DEBUG\POLORPIE.DLL.INTERMEDIATE.MANIFEST
F:\RADAR_WSP\POLORPIE\DEBUG\POLORPIE.OBJ
F:\RADAR_WSP\POLORPIE\DEBUG\POLORPIE.PCH
F:\RADAR_WSP\POLORPIE\DEBUG\POLORPIE.RES
F:\radar_wsp\PolorPie\Debug\PolorPie.vcxprojResolveAssemblyReference.cache
F:\radar_wsp\PolorPie\Debug\PolorPie.write.1.tlog
F:\radar_wsp\PolorPie\Debug\PolorPie_manifest.rc
F:\radar_wsp\PolorPie\Debug\rc.command.1.tlog
F:\radar_wsp\PolorPie\Debug\rc.read.1.tlog
F:\radar_wsp\PolorPie\Debug\rc.write.1.tlog
F:\RADAR_WSP\POLORPIE\DEBUG\STDAFX.OBJ
F:\radar_wsp\PolorPie\Debug\vc100.idb
F:\RADAR_WSP\POLORPIE\DEBUG\VC100.PDB
